<?xml version="1.0" encoding="UTF-8"?>
<!-- Generated by org.testng.reporters.JUnitXMLReporter -->
<testsuite ignored="0" hostname="DESKTOP-UKOTUFR" failures="0" tests="3" name="Default test" time="13.645" errors="0" timestamp="2023-10-24T12:41:51 EET">
  <testcase classname="myNewTest" name="LoginWithPerformanceUser" time="7.376"/>
  <testcase classname="myNewTest" name="LoginWithProblemUser" time="2.273"/>
  <testcase classname="myNewTest" name="LoginWithStandardUSer" time="2.221"/>
</testsuite> <!-- Default test -->
