<?xml version="1.0" encoding="UTF-8"?>
<testng-results ignored="0" total="3" passed="3" failed="0" skipped="0">
  <reporter-output>
  </reporter-output>
  <suite started-at="2023-10-24T12:41:37 EET" name="Default suite" finished-at="2023-10-24T12:41:51 EET" duration-ms="13645">
    <groups>
    </groups>
    <test started-at="2023-10-24T12:41:37 EET" name="Default test" finished-at="2023-10-24T12:41:51 EET" duration-ms="13645">
      <class name="myNewTest">
        <test-method is-config="true" signature="mySetup()[pri:0, instance:myNewTest@4baf352a]" started-at="2023-10-24T12:41:37 EET" name="mySetup" finished-at="2023-10-24T12:41:39 EET" duration-ms="1167" status="PASS">
          <reporter-output>
          </reporter-output>
        </test-method> <!-- mySetup -->
        <test-method signature="LoginWithPerformanceUser()[pri:0, instance:myNewTest@4baf352a]" started-at="2023-10-24T12:41:39 EET" name="LoginWithPerformanceUser" finished-at="2023-10-24T12:41:46 EET" duration-ms="7376" status="PASS">
          <reporter-output>
          </reporter-output>
        </test-method> <!-- LoginWithPerformanceUser -->
        <test-method is-config="true" signature="mySetup()[pri:0, instance:myNewTest@4baf352a]" started-at="2023-10-24T12:41:46 EET" name="mySetup" finished-at="2023-10-24T12:41:46 EET" duration-ms="394" status="PASS">
          <reporter-output>
          </reporter-output>
        </test-method> <!-- mySetup -->
        <test-method signature="LoginWithProblemUser()[pri:0, instance:myNewTest@4baf352a]" started-at="2023-10-24T12:41:46 EET" name="LoginWithProblemUser" finished-at="2023-10-24T12:41:49 EET" duration-ms="2273" status="PASS">
          <reporter-output>
          </reporter-output>
        </test-method> <!-- LoginWithProblemUser -->
        <test-method is-config="true" signature="mySetup()[pri:0, instance:myNewTest@4baf352a]" started-at="2023-10-24T12:41:49 EET" name="mySetup" finished-at="2023-10-24T12:41:49 EET" duration-ms="132" status="PASS">
          <reporter-output>
          </reporter-output>
        </test-method> <!-- mySetup -->
        <test-method signature="LoginWithStandardUSer()[pri:0, instance:myNewTest@4baf352a]" started-at="2023-10-24T12:41:49 EET" name="LoginWithStandardUSer" finished-at="2023-10-24T12:41:51 EET" duration-ms="2221" status="PASS">
          <reporter-output>
          </reporter-output>
        </test-method> <!-- LoginWithStandardUSer -->
        <test-method is-config="true" signature="myPostTest()[pri:0, instance:myNewTest@4baf352a]" started-at="2023-10-24T12:41:51 EET" name="myPostTest" finished-at="2023-10-24T12:41:51 EET" duration-ms="0" status="PASS">
          <reporter-output>
          </reporter-output>
        </test-method> <!-- myPostTest -->
      </class> <!-- myNewTest -->
    </test> <!-- Default test -->
  </suite> <!-- Default suite -->
</testng-results>
